TN:
SF:dist\server.js
FN:2,(anonymous_0)
FN:13,(anonymous_1)
FN:16,(anonymous_2)
FNF:3
FNH:2
FNDA:5,(anonymous_0)
FNDA:0,(anonymous_1)
FNDA:1,(anonymous_2)
DA:2,1
DA:3,5
DA:5,1
DA:6,1
DA:7,1
DA:8,1
DA:9,1
DA:10,1
DA:11,1
DA:12,1
DA:13,1
DA:14,0
DA:16,1
DA:17,1
DA:19,1
DA:20,1
DA:21,1
DA:22,1
DA:23,1
DA:24,1
LF:20
LH:19
BRDA:2,0,0,1
BRDA:2,0,1,1
BRDA:2,0,2,1
BRDA:3,1,0,0
BRDA:3,1,1,5
BRDA:3,2,0,5
BRDA:3,2,1,5
BRF:7
BRH:6
end_of_record
TN:
SF:dist\controllers\post.js
FN:2,(anonymous_0)
FN:3,adopt
FN:3,(anonymous_2)
FN:4,(anonymous_3)
FN:5,fulfilled
FN:6,rejected
FN:7,step
FN:11,(anonymous_7)
FN:20,(anonymous_8)
FN:20,(anonymous_9)
FN:39,(anonymous_10)
FN:39,(anonymous_11)
FN:67,(anonymous_12)
FN:67,(anonymous_13)
FN:83,(anonymous_14)
FN:83,(anonymous_15)
FNF:16
FNH:15
FNDA:6,(anonymous_0)
FNDA:6,adopt
FNDA:5,(anonymous_2)
FNDA:6,(anonymous_3)
FNDA:6,fulfilled
FNDA:0,rejected
FNDA:12,step
FNDA:1,(anonymous_7)
FNDA:2,(anonymous_8)
FNDA:2,(anonymous_9)
FNDA:2,(anonymous_10)
FNDA:2,(anonymous_11)
FNDA:1,(anonymous_12)
FNDA:1,(anonymous_13)
FNDA:1,(anonymous_14)
FNDA:1,(anonymous_15)
DA:2,1
DA:3,6
DA:4,6
DA:5,6
DA:6,0
DA:7,12
DA:8,6
DA:11,1
DA:12,1
DA:14,1
DA:20,2
DA:21,2
DA:22,2
DA:23,2
DA:25,2
DA:26,1
DA:29,1
DA:31,2
DA:34,0
DA:39,2
DA:40,2
DA:41,2
DA:42,2
DA:43,0
DA:45,2
DA:46,2
DA:47,2
DA:48,1
DA:53,1
DA:57,0
DA:67,1
DA:68,1
DA:69,1
DA:73,1
DA:74,1
DA:75,1
DA:78,0
DA:83,1
DA:84,1
DA:85,1
DA:86,1
DA:87,0
DA:89,1
DA:90,1
DA:91,1
DA:94,0
DA:99,1
LF:47
LH:40
BRDA:2,0,0,1
BRDA:2,0,1,1
BRDA:2,0,2,1
BRDA:3,1,0,1
BRDA:3,1,1,5
BRDA:4,2,0,6
BRDA:4,2,1,6
BRDA:7,3,0,6
BRDA:7,3,1,6
BRDA:8,4,0,6
BRDA:8,4,1,6
BRDA:11,5,0,1
BRDA:11,5,1,1
BRDA:11,5,2,1
BRDA:12,6,0,0
BRDA:12,6,1,1
BRDA:12,7,0,1
BRDA:12,7,1,1
BRDA:25,8,0,1
BRDA:25,8,1,1
BRDA:25,9,0,2
BRDA:25,9,1,1
BRDA:42,10,0,0
BRDA:42,10,1,2
BRDA:42,11,0,2
BRDA:42,11,1,2
BRDA:47,12,0,1
BRDA:47,12,1,1
BRDA:86,13,0,0
BRDA:86,13,1,1
BRDA:86,14,0,1
BRDA:86,14,1,1
BRF:32
BRH:29
end_of_record
TN:
SF:dist\models\post_model.js
FN:2,(anonymous_0)
FNF:1
FNH:1
FNDA:1,(anonymous_0)
DA:2,1
DA:3,1
DA:5,1
DA:6,1
DA:16,1
LF:5
LH:5
BRDA:2,0,0,1
BRDA:2,0,1,1
BRDA:2,0,2,1
BRDA:3,1,0,0
BRDA:3,1,1,1
BRDA:3,2,0,1
BRDA:3,2,1,1
BRF:7
BRH:6
end_of_record
TN:
SF:dist\routes\post_routes.js
FN:2,(anonymous_0)
FNF:1
FNH:1
FNDA:2,(anonymous_0)
DA:2,1
DA:3,2
DA:5,1
DA:6,1
DA:7,1
DA:8,1
DA:9,1
DA:10,1
DA:11,1
DA:12,1
LF:10
LH:10
BRDA:2,0,0,1
BRDA:2,0,1,1
BRDA:2,0,2,1
BRDA:3,1,0,0
BRDA:3,1,1,2
BRDA:3,2,0,2
BRDA:3,2,1,2
BRF:7
BRH:6
end_of_record
TN:
SF:src\server.ts
FN:12,(anonymous_1)
FN:15,(anonymous_2)
FNF:2
FNH:1
FNDA:0,(anonymous_1)
FNDA:1,(anonymous_2)
DA:1,1
DA:2,1
DA:3,1
DA:4,1
DA:6,1
DA:8,1
DA:9,1
DA:11,1
DA:12,1
DA:13,0
DA:15,1
DA:16,1
DA:19,1
DA:20,1
DA:21,1
DA:24,1
DA:25,1
DA:27,1
LF:18
LH:17
BRF:0
BRH:0
end_of_record
TN:
SF:src\controllers\post.ts
FN:8,(anonymous_8)
FN:8,(anonymous_9)
FN:29,(anonymous_10)
FN:29,(anonymous_11)
FN:57,(anonymous_12)
FN:57,(anonymous_13)
FN:75,(anonymous_14)
FN:75,(anonymous_15)
FNF:8
FNH:8
FNDA:2,(anonymous_8)
FNDA:2,(anonymous_9)
FNDA:2,(anonymous_10)
FNDA:2,(anonymous_11)
FNDA:1,(anonymous_12)
FNDA:1,(anonymous_13)
FNDA:1,(anonymous_14)
FNDA:1,(anonymous_15)
DA:1,1
DA:8,2
DA:9,2
DA:11,2
DA:12,2
DA:14,2
DA:15,1
DA:17,1
DA:19,2
DA:21,0
DA:29,2
DA:30,2
DA:31,2
DA:32,2
DA:33,0
DA:36,2
DA:37,2
DA:38,2
DA:39,1
DA:43,1
DA:46,0
DA:57,1
DA:58,1
DA:60,1
DA:65,1
DA:66,1
DA:67,1
DA:69,0
DA:75,1
DA:76,1
DA:77,1
DA:78,1
DA:79,0
DA:82,1
DA:83,1
DA:84,1
DA:86,0
DA:91,1
LF:38
LH:32
BRDA:14,0,0,1
BRDA:14,0,1,1
BRDA:14,1,0,2
BRDA:14,1,1,1
BRDA:32,2,0,0
BRDA:32,3,0,2
BRDA:32,3,1,2
BRDA:38,4,0,1
BRDA:38,4,1,1
BRDA:78,5,0,0
BRDA:78,6,0,1
BRDA:78,6,1,1
BRF:12
BRH:10
end_of_record
TN:
SF:src\models\post_model.ts
FNF:0
FNH:0
DA:1,1
DA:3,1
DA:14,1
LF:3
LH:3
BRF:0
BRH:0
end_of_record
TN:
SF:src\routes\post_routes.ts
FNF:0
FNH:0
DA:1,1
DA:2,1
DA:3,1
DA:5,1
DA:7,1
DA:9,1
DA:11,1
DA:13,1
LF:8
LH:8
BRF:0
BRH:0
end_of_record
